Arguments: 
  /home/oleg/.nave/installed/8.9.4/bin/node /home/oleg/.nave/installed/8.9.4/bin/yarn add FlipClock

PATH: 
  /home/oleg/.nave/installed/8.9.4/bin:/usr/local/heroku/bin:/usr/local/heroku/bin:/usr/lib64/qt-3.3/bin:/home/oleg/.rvm/gems/ruby-2.3.0/bin:/home/oleg/.rvm/gems/ruby-2.3.0@global/bin:/home/oleg/.rvm/rubies/ruby-2.3.0/bin:/usr/local/bin:/usr/bin:/bin:/home/oleg/.rvm/bin:/home/oleg/.rvm/bin:/home/oleg/.rvm/bin:/home/oleg/.rvm/bin:/home/oleg/.rvm/bin:/home/oleg/.rvm/bin:/home/oleg/.local/bin:/home/oleg/bin:/home/oleg/Localdev/bin:/home/oleg/.rvm/bin:/home/oleg/.rvm/bin:/home/oleg/.rvm/bin:/home/oleg/.local/bin:/home/oleg/bin:/home/oleg/Localdev/bin:/home/oleg/.rvm/bin:/home/oleg/.rvm/bin:/home/oleg/.rvm/bin:/home/oleg/.rvm/bin:/home/oleg/.rvm/bin:/home/oleg/.rvm/bin:/home/oleg/.rvm/bin:/home/oleg/.rvm/bin:/home/oleg/.rvm/bin:/home/oleg/.rvm/bin:/home/oleg/.rvm/bin:/home/oleg/.rvm/bin

Yarn version: 
  1.5.0

Node version: 
  8.9.4

Platform: 
  linux x64

npm manifest: 
  {
    "name": "dribdat",
    "version": "0.1.2",
    "description": "Open source hackathon platform",
    "main": "index.js",
    "repository": "git@github.com:loleg/dribdat.git",
    "author": "Oleg Lavrovsky <oleg@datalets.ch>",
    "license": "MIT",
    "private": false,
    "dependencies": {
      "bootstrap": "^4.0.0",
      "font-awesome": "^4.7.0",
      "jquery": "^3.3.1",
      "popper.js": "^1.14.1",
      "rainbow": "^2.4.0"
    }
  }

yarn manifest: 
  No manifest

Lockfile: 
  # THIS IS AN AUTOGENERATED FILE. DO NOT EDIT THIS FILE DIRECTLY.
  # yarn lockfile v1
  
  
  balanced-match@^1.0.0:
    version "1.0.0"
    resolved "https://registry.yarnpkg.com/balanced-match/-/balanced-match-1.0.0.tgz#89b4d199ab2bee49de164ea02b89ce462d71b767"
  
  bootstrap@^4.0.0:
    version "4.0.0"
    resolved "https://registry.yarnpkg.com/bootstrap/-/bootstrap-4.0.0.tgz#ceb03842c145fcc1b9b4e15da2a05656ba68469a"
  
  brace-expansion@^1.1.7:
    version "1.1.11"
    resolved "https://registry.yarnpkg.com/brace-expansion/-/brace-expansion-1.1.11.tgz#3c7fcbf529d87226f3d2f52b966ff5271eb441dd"
    dependencies:
      balanced-match "^1.0.0"
      concat-map "0.0.1"
  
  concat-map@0.0.1:
    version "0.0.1"
    resolved "https://registry.yarnpkg.com/concat-map/-/concat-map-0.0.1.tgz#d8a96bd77fd68df7793a73036a3ba0d5405d477b"
  
  font-awesome@^4.7.0:
    version "4.7.0"
    resolved "https://registry.yarnpkg.com/font-awesome/-/font-awesome-4.7.0.tgz#8fa8cf0411a1a31afd07b06d2902bb9fc815a133"
  
  fs.realpath@^1.0.0:
    version "1.0.0"
    resolved "https://registry.yarnpkg.com/fs.realpath/-/fs.realpath-1.0.0.tgz#1504ad2523158caa40db4a2787cb01411994ea4f"
  
  glob@7.1.2:
    version "7.1.2"
    resolved "https://registry.yarnpkg.com/glob/-/glob-7.1.2.tgz#c19c9df9a028702d678612384a6552404c636d15"
    dependencies:
      fs.realpath "^1.0.0"
      inflight "^1.0.4"
      inherits "2"
      minimatch "^3.0.4"
      once "^1.3.0"
      path-is-absolute "^1.0.0"
  
  inflight@^1.0.4:
    version "1.0.6"
    resolved "https://registry.yarnpkg.com/inflight/-/inflight-1.0.6.tgz#49bd6331d7d02d0c09bc910a1075ba8165b56df9"
    dependencies:
      once "^1.3.0"
      wrappy "1"
  
  inherits@2:
    version "2.0.3"
    resolved "https://registry.yarnpkg.com/inherits/-/inherits-2.0.3.tgz#633c2c83e3da42a502f52466022480f4208261de"
  
  jquery@^3.3.1:
    version "3.3.1"
    resolved "https://registry.yarnpkg.com/jquery/-/jquery-3.3.1.tgz#958ce29e81c9790f31be7792df5d4d95fc57fbca"
  
  methods@1.1.2:
    version "1.1.2"
    resolved "https://registry.yarnpkg.com/methods/-/methods-1.1.2.tgz#5529a4d67654134edcc5266656835b0f851afcee"
  
  minimatch@^3.0.4:
    version "3.0.4"
    resolved "https://registry.yarnpkg.com/minimatch/-/minimatch-3.0.4.tgz#5166e286457f03306064be5497e8dbb0c3d32083"
    dependencies:
      brace-expansion "^1.1.7"
  
  once@^1.3.0:
    version "1.4.0"
    resolved "https://registry.yarnpkg.com/once/-/once-1.4.0.tgz#583b1aa775961d4b113ac17d9c50baef9dd76bd1"
    dependencies:
      wrappy "1"
  
  path-is-absolute@^1.0.0:
    version "1.0.1"
    resolved "https://registry.yarnpkg.com/path-is-absolute/-/path-is-absolute-1.0.1.tgz#174b9268735534ffbc7ace6bf53a5a9e1b5c5f5f"
  
  popper.js@^1.14.1:
    version "1.14.1"
    resolved "https://registry.yarnpkg.com/popper.js/-/popper.js-1.14.1.tgz#b8815e5cda6f62fc2042e47618649f75866e6753"
  
  rainbow@^2.4.0:
    version "2.4.0"
    resolved "https://registry.yarnpkg.com/rainbow/-/rainbow-2.4.0.tgz#c7cb555aaaafb711b4c519cb6c5fde1999df95e1"
    dependencies:
      glob "7.1.2"
      methods "1.1.2"
  
  wrappy@1:
    version "1.0.2"
    resolved "https://registry.yarnpkg.com/wrappy/-/wrappy-1.0.2.tgz#b5243d8f3ec1aa35f1364605bc0d1036e30ab69f"

Trace: 
  Error: Couldn't find package "FlipClock" on the "npm" registry.
      at new MessageError (/home/oleg/.nave/installed/8.9.4/lib/node_modules/yarn/lib/cli.js:186:110)
      at NpmResolver.<anonymous> (/home/oleg/.nave/installed/8.9.4/lib/node_modules/yarn/lib/cli.js:51625:15)
      at Generator.next (<anonymous>)
      at step (/home/oleg/.nave/installed/8.9.4/lib/node_modules/yarn/lib/cli.js:98:30)
      at /home/oleg/.nave/installed/8.9.4/lib/node_modules/yarn/lib/cli.js:109:13
      at <anonymous>
      at process._tickCallback (internal/process/next_tick.js:188:7)
